c:\users\owner\onedrive\documents\programming\abcs-new\library\x64\release\library.pch
c:\users\owner\onedrive\documents\programming\abcs-new\x64\release\library.pdb
c:\users\owner\onedrive\documents\programming\abcs-new\library\x64\release\pch.obj
c:\users\owner\onedrive\documents\programming\abcs-new\library\x64\release\world.obj
c:\users\owner\onedrive\documents\programming\abcs-new\library\x64\release\queen.obj
c:\users\owner\onedrive\documents\programming\abcs-new\library\x64\release\onlooker.obj
c:\users\owner\onedrive\documents\programming\abcs-new\library\x64\release\node.obj
c:\users\owner\onedrive\documents\programming\abcs-new\library\x64\release\larva.obj
c:\users\owner\onedrive\documents\programming\abcs-new\library\x64\release\hives.obj
c:\users\owner\onedrive\documents\programming\abcs-new\library\x64\release\hive.obj
c:\users\owner\onedrive\documents\programming\abcs-new\library\x64\release\guard.obj
c:\users\owner\onedrive\documents\programming\abcs-new\library\x64\release\grid.obj
c:\users\owner\onedrive\documents\programming\abcs-new\library\x64\release\foodsources.obj
c:\users\owner\onedrive\documents\programming\abcs-new\library\x64\release\foodsource.obj
c:\users\owner\onedrive\documents\programming\abcs-new\library\x64\release\fonts.obj
c:\users\owner\onedrive\documents\programming\abcs-new\library\x64\release\entity.obj
c:\users\owner\onedrive\documents\programming\abcs-new\library\x64\release\employee.obj
c:\users\owner\onedrive\documents\programming\abcs-new\library\x64\release\egg.obj
c:\users\owner\onedrive\documents\programming\abcs-new\library\x64\release\drone.obj
c:\users\owner\onedrive\documents\programming\abcs-new\library\x64\release\bees.obj
c:\users\owner\onedrive\documents\programming\abcs-new\library\x64\release\bee.obj
c:\users\owner\onedrive\documents\programming\abcs-new\x64\release\library.lib
c:\users\rafaela\source\repos\artificial-bee-colony-simulator\library\x64\release\bee.obj
c:\users\rafaela\source\repos\artificial-bee-colony-simulator\library\x64\release\bees.obj
c:\users\rafaela\source\repos\artificial-bee-colony-simulator\library\x64\release\drone.obj
c:\users\rafaela\source\repos\artificial-bee-colony-simulator\library\x64\release\egg.obj
c:\users\rafaela\source\repos\artificial-bee-colony-simulator\library\x64\release\employee.obj
c:\users\rafaela\source\repos\artificial-bee-colony-simulator\library\x64\release\entity.obj
c:\users\rafaela\source\repos\artificial-bee-colony-simulator\library\x64\release\fonts.obj
c:\users\rafaela\source\repos\artificial-bee-colony-simulator\library\x64\release\foodsource.obj
c:\users\rafaela\source\repos\artificial-bee-colony-simulator\library\x64\release\foodsources.obj
c:\users\rafaela\source\repos\artificial-bee-colony-simulator\library\x64\release\grid.obj
c:\users\rafaela\source\repos\artificial-bee-colony-simulator\library\x64\release\guard.obj
c:\users\rafaela\source\repos\artificial-bee-colony-simulator\library\x64\release\hive.obj
c:\users\rafaela\source\repos\artificial-bee-colony-simulator\library\x64\release\hives.obj
c:\users\rafaela\source\repos\artificial-bee-colony-simulator\library\x64\release\larva.obj
c:\users\rafaela\source\repos\artificial-bee-colony-simulator\library\x64\release\node.obj
c:\users\rafaela\source\repos\artificial-bee-colony-simulator\library\x64\release\onlooker.obj
c:\users\rafaela\source\repos\artificial-bee-colony-simulator\library\x64\release\pch.obj
c:\users\rafaela\source\repos\artificial-bee-colony-simulator\library\x64\release\queen.obj
c:\users\rafaela\source\repos\artificial-bee-colony-simulator\library\x64\release\world.obj
c:\users\rafaela\source\repos\artificial-bee-colony-simulator\library\x64\release\library.pch
c:\users\rafaela\source\repos\artificial-bee-colony-simulator\x64\release\library.pdb
c:\users\rafaela\source\repos\artificial-bee-colony-simulator\x64\release\library.lib
c:\users\rafaela\source\repos\artificial-bee-colony-simulator\library\x64\release\library.tlog\cl.command.1.tlog
c:\users\rafaela\source\repos\artificial-bee-colony-simulator\library\x64\release\library.tlog\cl.read.1.tlog
c:\users\rafaela\source\repos\artificial-bee-colony-simulator\library\x64\release\library.tlog\cl.write.1.tlog
c:\users\rafaela\source\repos\artificial-bee-colony-simulator\library\x64\release\library.tlog\lib-link.read.1.tlog
c:\users\rafaela\source\repos\artificial-bee-colony-simulator\library\x64\release\library.tlog\lib-link.write.1.tlog
c:\users\rafaela\source\repos\artificial-bee-colony-simulator\library\x64\release\library.tlog\lib.command.1.tlog
