  Main.cpp
D:\Program Files\Microsoft Visual Studio\2022\Community\VC\Tools\MSVC\14.34.31933\include\xmemory(154,5): warning C4365: 'argument': conversion from 'long' to 'unsigned int', signed/unsigned mismatch
D:\Program Files\Microsoft Visual Studio\2022\Community\VC\Tools\MSVC\14.34.31933\include\xmemory(164,5): warning C4365: 'argument': conversion from 'long' to 'unsigned int', signed/unsigned mismatch
D:\Program Files\Microsoft Visual Studio\2022\Community\VC\Tools\MSVC\14.34.31933\include\atomic(93,9): warning C4365: 'argument': conversion from 'long' to 'unsigned int', signed/unsigned mismatch
D:\Program Files\Microsoft Visual Studio\2022\Community\VC\Tools\MSVC\14.34.31933\include\atomic(300,9): warning C4365: 'argument': conversion from 'long' to 'unsigned int', signed/unsigned mismatch
D:\Program Files\Microsoft Visual Studio\2022\Community\VC\Tools\MSVC\14.34.31933\include\atomic(316,9): warning C4365: 'argument': conversion from 'long' to 'unsigned int', signed/unsigned mismatch
D:\Documents\Github\artificial-bee-colony-simulator\External\x64\SFML-2.5.1\include\SFML\System\FileInputStream.hpp(130,1): warning C4625: 'sf::FileInputStream': copy constructor was implicitly defined as deleted
D:\Documents\Github\artificial-bee-colony-simulator\External\x64\SFML-2.5.1\include\SFML\System\FileInputStream.hpp(130,1): warning C4626: 'sf::FileInputStream': assignment operator was implicitly defined as deleted
D:\Documents\Github\artificial-bee-colony-simulator\External\x64\SFML-2.5.1\include\SFML\System\Lock.hpp(71,1): warning C4625: 'sf::Lock': copy constructor was implicitly defined as deleted
D:\Documents\Github\artificial-bee-colony-simulator\External\x64\SFML-2.5.1\include\SFML\System\Lock.hpp(71,1): warning C4626: 'sf::Lock': assignment operator was implicitly defined as deleted
D:\Documents\Github\artificial-bee-colony-simulator\External\x64\SFML-2.5.1\include\SFML\System\Mutex.hpp(89,1): warning C4625: 'sf::Mutex': copy constructor was implicitly defined as deleted
D:\Documents\Github\artificial-bee-colony-simulator\External\x64\SFML-2.5.1\include\SFML\System\Mutex.hpp(89,1): warning C4626: 'sf::Mutex': assignment operator was implicitly defined as deleted
D:\Documents\Github\artificial-bee-colony-simulator\External\x64\SFML-2.5.1\include\SFML\System\Thread.hpp(191,1): warning C4625: 'sf::Thread': copy constructor was implicitly defined as deleted
D:\Documents\Github\artificial-bee-colony-simulator\External\x64\SFML-2.5.1\include\SFML\System\Thread.hpp(191,1): warning C4626: 'sf::Thread': assignment operator was implicitly defined as deleted
D:\Documents\Github\artificial-bee-colony-simulator\External\x64\SFML-2.5.1\include\SFML\System\ThreadLocal.hpp(87,1): warning C4625: 'sf::ThreadLocal': copy constructor was implicitly defined as deleted
D:\Documents\Github\artificial-bee-colony-simulator\External\x64\SFML-2.5.1\include\SFML\System\ThreadLocal.hpp(87,1): warning C4626: 'sf::ThreadLocal': assignment operator was implicitly defined as deleted
D:\Documents\Github\artificial-bee-colony-simulator\External\x64\SFML-2.5.1\include\SFML\Window\GlResource.hpp(93,5): warning C4625: 'sf::GlResource::TransientContextLock': copy constructor was implicitly defined as deleted
D:\Documents\Github\artificial-bee-colony-simulator\External\x64\SFML-2.5.1\include\SFML\Window\GlResource.hpp(93,5): warning C4626: 'sf::GlResource::TransientContextLock': assignment operator was implicitly defined as deleted
D:\Documents\Github\artificial-bee-colony-simulator\External\x64\SFML-2.5.1\include\SFML\Window\ContextSettings.hpp(83,1): warning C4820: 'sf::ContextSettings': '3' bytes padding added after data member 'sf::ContextSettings::sRgbCapable'
D:\Documents\Github\artificial-bee-colony-simulator\External\x64\SFML-2.5.1\include\SFML\Window\Context.hpp(153,31): warning C4820: 'sf::Context': '7' bytes padding added after base class 'sf::NonCopyable'
D:\Documents\Github\artificial-bee-colony-simulator\External\x64\SFML-2.5.1\include\SFML\Window\Context.hpp(154,1): warning C4625: 'sf::Context': copy constructor was implicitly defined as deleted
D:\Documents\Github\artificial-bee-colony-simulator\External\x64\SFML-2.5.1\include\SFML\Window\Context.hpp(154,1): warning C4626: 'sf::Context': assignment operator was implicitly defined as deleted
D:\Documents\Github\artificial-bee-colony-simulator\External\x64\SFML-2.5.1\include\SFML\Window\Cursor.hpp(183,1): warning C4625: 'sf::Cursor': copy constructor was implicitly defined as deleted
D:\Documents\Github\artificial-bee-colony-simulator\External\x64\SFML-2.5.1\include\SFML\Window\Cursor.hpp(183,1): warning C4626: 'sf::Cursor': assignment operator was implicitly defined as deleted
D:\Documents\Github\artificial-bee-colony-simulator\External\x64\SFML-2.5.1\include\SFML\Window\Window.hpp(545,29): warning C4820: 'sf::Window': '7' bytes padding added after base class 'sf::NonCopyable'
D:\Documents\Github\artificial-bee-colony-simulator\External\x64\SFML-2.5.1\include\SFML\Window\Window.hpp(550,1): warning C4625: 'sf::Window': copy constructor was implicitly defined as deleted
D:\Documents\Github\artificial-bee-colony-simulator\External\x64\SFML-2.5.1\include\SFML\Window\Window.hpp(550,1): warning C4626: 'sf::Window': assignment operator was implicitly defined as deleted
D:\Documents\Github\artificial-bee-colony-simulator\External\x64\SFML-2.5.1\include\SFML\Graphics\Transformable.hpp(325,23): warning C4820: 'sf::Transformable': '3' bytes padding added after data member 'sf::Transformable::m_transformNeedUpdate'
D:\Documents\Github\artificial-bee-colony-simulator\External\x64\SFML-2.5.1\include\SFML\Graphics\Transformable.hpp(327,1): warning C4820: 'sf::Transformable': '7' bytes padding added after data member 'sf::Transformable::m_inverseTransformNeedUpdate'
D:\Documents\Github\artificial-bee-colony-simulator\External\x64\SFML-2.5.1\include\SFML\Graphics\VertexArray.hpp(192,1): warning C4820: 'sf::VertexArray': '4' bytes padding added after data member 'sf::VertexArray::m_primitiveType'
D:\Documents\Github\artificial-bee-colony-simulator\External\x64\SFML-2.5.1\include\SFML\Graphics\Shape.hpp(313,20): warning C4820: 'sf::Shape': '4' bytes padding added after data member 'sf::Shape::m_outlineThickness'
D:\Documents\Github\artificial-bee-colony-simulator\External\x64\SFML-2.5.1\include\SFML\Graphics\CircleShape.hpp(115,17): warning C4820: 'sf::CircleShape': '4' bytes padding added after data member 'sf::CircleShape::m_radius'
D:\Documents\Github\artificial-bee-colony-simulator\External\x64\SFML-2.5.1\include\SFML\Graphics\Texture.hpp(628,18): warning C4820: 'sf::Texture': '6' bytes padding added after data member 'sf::Texture::m_hasMipmap'
D:\Documents\Github\artificial-bee-colony-simulator\External\x64\SFML-2.5.1\include\SFML\Graphics\Font.hpp(297,26): warning C4820: 'sf::Font::Page': '4' bytes padding added after data member 'sf::Font::Page::nextRow'
D:\Documents\Github\artificial-bee-colony-simulator\External\x64\SFML-2.5.1\include\SFML\Graphics\View.hpp(280,1): warning C4820: 'sf::View': '2' bytes padding added after data member 'sf::View::m_invTransformUpdated'
D:\Documents\Github\artificial-bee-colony-simulator\External\x64\SFML-2.5.1\include\SFML\Graphics\RenderTarget.hpp(464,19): warning C4820: 'sf::RenderTarget::StatesCache': '1' bytes padding added after data member 'sf::RenderTarget::StatesCache::viewChanged'
D:\Documents\Github\artificial-bee-colony-simulator\External\x64\SFML-2.5.1\include\SFML\Graphics\RenderTarget.hpp(465,19): warning C4820: 'sf::RenderTarget::StatesCache': '4' bytes padding added after data member 'sf::RenderTarget::StatesCache::lastBlendMode'
D:\Documents\Github\artificial-bee-colony-simulator\External\x64\SFML-2.5.1\include\SFML\Graphics\RenderTarget.hpp(468,47): warning C4820: 'sf::RenderTarget::StatesCache': '2' bytes padding added after data member 'sf::RenderTarget::StatesCache::useVertexCache'
D:\Documents\Github\artificial-bee-colony-simulator\External\x64\SFML-2.5.1\include\SFML\Graphics\RenderTarget.hpp(469,5): warning C4820: 'sf::RenderTarget::StatesCache': '4' bytes padding added after data member 'sf::RenderTarget::StatesCache::vertexCache'
D:\Documents\Github\artificial-bee-colony-simulator\External\x64\SFML-2.5.1\include\SFML\Graphics\RenderTarget.hpp(478,1): warning C4625: 'sf::RenderTarget': copy constructor was implicitly defined as deleted
D:\Documents\Github\artificial-bee-colony-simulator\External\x64\SFML-2.5.1\include\SFML\Graphics\RenderTarget.hpp(478,1): warning C4626: 'sf::RenderTarget': assignment operator was implicitly defined as deleted
D:\Documents\Github\artificial-bee-colony-simulator\External\x64\SFML-2.5.1\include\SFML\Graphics\RenderTexture.hpp(243,1): warning C4625: 'sf::RenderTexture': copy constructor was implicitly defined as deleted
D:\Documents\Github\artificial-bee-colony-simulator\External\x64\SFML-2.5.1\include\SFML\Graphics\RenderTexture.hpp(243,1): warning C4626: 'sf::RenderTexture': assignment operator was implicitly defined as deleted
D:\Documents\Github\artificial-bee-colony-simulator\External\x64\SFML-2.5.1\include\SFML\Graphics\RenderWindow.hpp(180,1): warning C4625: 'sf::RenderWindow': copy constructor was implicitly defined as deleted
D:\Documents\Github\artificial-bee-colony-simulator\External\x64\SFML-2.5.1\include\SFML\Graphics\RenderWindow.hpp(180,1): warning C4626: 'sf::RenderWindow': assignment operator was implicitly defined as deleted
D:\Documents\Github\artificial-bee-colony-simulator\External\x64\SFML-2.5.1\include\SFML\Graphics\Shader.hpp(748,18): warning C4820: 'sf::Shader': '3' bytes padding added after base class 'sf::NonCopyable'
D:\Documents\Github\artificial-bee-colony-simulator\External\x64\SFML-2.5.1\include\SFML\Graphics\Shader.hpp(750,18): warning C4820: 'sf::Shader': '4' bytes padding added after data member 'sf::Shader::m_currentTexture'
D:\Documents\Github\artificial-bee-colony-simulator\External\x64\SFML-2.5.1\include\SFML\Graphics\Shader.hpp(752,1): warning C4625: 'sf::Shader': copy constructor was implicitly defined as deleted
D:\Documents\Github\artificial-bee-colony-simulator\External\x64\SFML-2.5.1\include\SFML\Graphics\Shader.hpp(752,1): warning C4626: 'sf::Shader': assignment operator was implicitly defined as deleted
D:\Documents\Github\artificial-bee-colony-simulator\External\x64\SFML-2.5.1\include\SFML\Graphics\Text.hpp(447,25): warning C4820: 'sf::Text': '4' bytes padding added after data member 'sf::Text::m_outlineThickness'
D:\Documents\Github\artificial-bee-colony-simulator\External\x64\SFML-2.5.1\include\SFML\Graphics\Text.hpp(451,25): warning C4820: 'sf::Text': '7' bytes padding added after data member 'sf::Text::m_geometryNeedUpdate'
D:\Documents\Github\artificial-bee-colony-simulator\External\x64\SFML-2.5.1\include\SFML\Graphics\VertexBuffer.hpp(338,19): warning C4820: 'sf::VertexBuffer': '4' bytes padding added after data member 'sf::VertexBuffer::m_buffer'
D:\Documents\Github\artificial-bee-colony-simulator\Library\Base.h(8,3): warning C5204: 'Base': class has virtual functions, but its trivial destructor is not virtual; instances of objects derived from this class may not be destructed correctly
D:\Documents\Github\artificial-bee-colony-simulator\Library\Base.h(12,36): warning C4100: 'time': unreferenced formal parameter
D:\Documents\Github\artificial-bee-colony-simulator\Library\Base.h(13,30): warning C4100: 'window': unreferenced formal parameter
D:\Documents\Github\artificial-bee-colony-simulator\Library\World.h(16,1): warning C4625: 'World': copy constructor was implicitly defined as deleted
D:\Documents\Github\artificial-bee-colony-simulator\Library\World.h(16,1): warning C4626: 'World': assignment operator was implicitly defined as deleted
D:\Documents\Github\artificial-bee-colony-simulator\Library\World.h(9,3): warning C4265: 'World': class has virtual functions, but its non-trivial destructor is not virtual; instances of this class may not be destructed correctly
D:\Documents\Github\artificial-bee-colony-simulator\Library\World.h(13,28): warning C4100: 'time': unreferenced formal parameter
D:\Documents\Github\artificial-bee-colony-simulator\Library\World.h(14,22): warning C4100: 'window': unreferenced formal parameter
D:\Documents\Github\artificial-bee-colony-simulator\Library\Entity.h(16,8): warning C4820: 'Entity': '3' bytes padding added after data member 'Entity::forDeletion'
D:\Documents\Github\artificial-bee-colony-simulator\Library\Entity.h(20,18): warning C4820: 'Entity': '4' bytes padding added after data member 'Entity::fill'
D:\Documents\Github\artificial-bee-colony-simulator\Library\Entity.h(22,1): warning C4625: 'Entity': copy constructor was implicitly defined as deleted
D:\Documents\Github\artificial-bee-colony-simulator\Library\Entity.h(22,1): warning C4626: 'Entity': assignment operator was implicitly defined as deleted
D:\Documents\Github\artificial-bee-colony-simulator\Library\Entity.h(7,3): warning C5204: 'Entity': class has virtual functions, but its trivial destructor is not virtual; instances of objects derived from this class may not be destructed correctly
D:\Documents\Github\artificial-bee-colony-simulator\Library\Entity.h(9,36): warning C4100: 'time': unreferenced formal parameter
D:\Documents\Github\artificial-bee-colony-simulator\Library\Entity.h(10,30): warning C4100: 'window': unreferenced formal parameter
D:\Documents\Github\artificial-bee-colony-simulator\Library\Hive.h(32,21): warning C4820: 'Hive': '4' bytes padding added after data member 'Hive::food'
D:\Documents\Github\artificial-bee-colony-simulator\Library\Hive.h(36,1): warning C4820: 'Hive': '7' bytes padding added after data member 'Hive::dancing'
D:\Documents\Github\artificial-bee-colony-simulator\Library\Hive.h(36,1): warning C4625: 'Hive': copy constructor was implicitly defined as deleted
D:\Documents\Github\artificial-bee-colony-simulator\Library\Hive.h(36,1): warning C4626: 'Hive': assignment operator was implicitly defined as deleted
D:\Documents\Github\artificial-bee-colony-simulator\Library\Hive.h(7,3): warning C4265: 'Hive': class has virtual functions, but its non-trivial destructor is not virtual; instances of this class may not be destructed correctly
D:\Documents\Github\artificial-bee-colony-simulator\Library\Hives.h(19,1): warning C4625: 'Hives': copy constructor was implicitly defined as deleted
D:\Documents\Github\artificial-bee-colony-simulator\Library\Hives.h(19,1): warning C4626: 'Hives': assignment operator was implicitly defined as deleted
D:\Documents\Github\artificial-bee-colony-simulator\Library\Hives.h(10,3): warning C4265: 'Hives': class has virtual functions, but its non-trivial destructor is not virtual; instances of this class may not be destructed correctly
D:\Documents\Github\artificial-bee-colony-simulator\Library\Foodsource.h(29,1): warning C4820: 'Foodsource': '4' bytes padding added after data member 'Foodsource::food'
D:\Documents\Github\artificial-bee-colony-simulator\Library\Foodsource.h(29,1): warning C4625: 'Foodsource': copy constructor was implicitly defined as deleted
D:\Documents\Github\artificial-bee-colony-simulator\Library\Foodsource.h(29,1): warning C4626: 'Foodsource': assignment operator was implicitly defined as deleted
D:\Documents\Github\artificial-bee-colony-simulator\Library\Foodsource.h(7,3): warning C4265: 'Foodsource': class has virtual functions, but its non-trivial destructor is not virtual; instances of this class may not be destructed correctly
D:\Documents\Github\artificial-bee-colony-simulator\Library\Bee.h(50,37): warning C4820: 'Bee': '3' bytes padding added after data member 'Bee::resting'
D:\Documents\Github\artificial-bee-colony-simulator\Library\Bee.h(54,18): warning C4820: 'Bee': '4' bytes padding added after data member 'Bee::PI'
D:\Documents\Github\artificial-bee-colony-simulator\Library\Bee.h(73,1): warning C4820: 'Bee': '4' bytes padding added after data member 'Bee::lifespan'
D:\Documents\Github\artificial-bee-colony-simulator\Library\Bee.h(73,1): warning C4625: 'Bee': copy constructor was implicitly defined as deleted
D:\Documents\Github\artificial-bee-colony-simulator\Library\Bee.h(73,1): warning C4626: 'Bee': assignment operator was implicitly defined as deleted
D:\Documents\Github\artificial-bee-colony-simulator\Library\Bee.h(9,3): warning C4265: 'Bee': class has virtual functions, but its non-trivial destructor is not virtual; instances of this class may not be destructed correctly
D:\Documents\Github\artificial-bee-colony-simulator\Library\Bees.h(22,1): warning C4625: 'Bees': copy constructor was implicitly defined as deleted
D:\Documents\Github\artificial-bee-colony-simulator\Library\Bees.h(22,1): warning C4626: 'Bees': assignment operator was implicitly defined as deleted
D:\Documents\Github\artificial-bee-colony-simulator\Library\Bees.h(12,3): warning C4265: 'Bees': class has virtual functions, but its non-trivial destructor is not virtual; instances of this class may not be destructed correctly
D:\Documents\Github\artificial-bee-colony-simulator\Library\Foodsources.h(21,1): warning C4625: 'Foodsources': copy constructor was implicitly defined as deleted
D:\Documents\Github\artificial-bee-colony-simulator\Library\Foodsources.h(21,1): warning C4626: 'Foodsources': assignment operator was implicitly defined as deleted
D:\Documents\Github\artificial-bee-colony-simulator\Library\Foodsources.h(10,3): warning C4265: 'Foodsources': class has virtual functions, but its non-trivial destructor is not virtual; instances of this class may not be destructed correctly
D:\Documents\Github\artificial-bee-colony-simulator\Library\Node.h(26,21): warning C4820: 'Node': '4' bytes padding added after data member 'Node::size'
D:\Documents\Github\artificial-bee-colony-simulator\Library\Node.h(28,1): warning C4625: 'Node': copy constructor was implicitly defined as deleted
D:\Documents\Github\artificial-bee-colony-simulator\Library\Node.h(28,1): warning C4626: 'Node': assignment operator was implicitly defined as deleted
D:\Documents\Github\artificial-bee-colony-simulator\Library\Node.h(9,3): warning C4265: 'Node': class has virtual functions, but its non-trivial destructor is not virtual; instances of this class may not be destructed correctly
D:\Documents\Github\artificial-bee-colony-simulator\Library\Node.h(11,28): warning C4100: 'time': unreferenced formal parameter
D:\Documents\Github\artificial-bee-colony-simulator\Library\Grid.h(26,1): warning C4820: 'Grid': '7' bytes padding added after data member 'Grid::visible'
D:\Documents\Github\artificial-bee-colony-simulator\Library\Grid.h(26,1): warning C4625: 'Grid': copy constructor was implicitly defined as deleted
D:\Documents\Github\artificial-bee-colony-simulator\Library\Grid.h(26,1): warning C4626: 'Grid': assignment operator was implicitly defined as deleted
D:\Documents\Github\artificial-bee-colony-simulator\Library\Grid.h(16,3): warning C4265: 'Grid': class has virtual functions, but its non-trivial destructor is not virtual; instances of this class may not be destructed correctly
D:\Documents\Github\artificial-bee-colony-simulator\Library\Grid.h(18,28): warning C4100: 'time': unreferenced formal parameter
D:\Documents\Github\artificial-bee-colony-simulator\artificial-bee-colony-simulator\Main.cpp(7,29): warning C4244: 'initializing': conversion from 'float' to 'int', possible loss of data
D:\Documents\Github\artificial-bee-colony-simulator\External\x64\SFML-2.5.1\include\SFML\System\NonCopyable.hpp(53,5): warning C4514: 'sf::NonCopyable::NonCopyable': unreferenced inline function has been removed
D:\Documents\Github\artificial-bee-colony-simulator\External\x64\SFML-2.5.1\include\SFML\System\NonCopyable.hpp(63,6): warning C4514: 'sf::NonCopyable::~NonCopyable': unreferenced inline function has been removed
D:\Documents\Github\artificial-bee-colony-simulator\External\x64\SFML-2.5.1\include\SFML\Graphics\Glyph.hpp(49,5): warning C4514: 'sf::Glyph::Glyph': unreferenced inline function has been removed
D:\Documents\Github\artificial-bee-colony-simulator\External\x64\SFML-2.5.1\include\SFML\Graphics\Font.hpp(274,9): warning C4514: 'sf::Font::Row::Row': unreferenced inline function has been removed
D:\Documents\Github\artificial-bee-colony-simulator\Library\Base.h(5,2): warning C4514: 'Base::Base': unreferenced inline function has been removed
D:\Program Files\Microsoft Visual Studio\2022\Community\VC\Tools\MSVC\14.34.31933\include\xthreads.h(44,30): warning C5264: '_Mtx_internal_imp_alignment': 'const' variable is not used
D:\Program Files\Microsoft Visual Studio\2022\Community\VC\Tools\MSVC\14.34.31933\include\xthreads.h(45,30): warning C5264: '_Cnd_internal_imp_size': 'const' variable is not used
D:\Program Files\Microsoft Visual Studio\2022\Community\VC\Tools\MSVC\14.34.31933\include\xthreads.h(43,30): warning C5264: '_Mtx_internal_imp_size': 'const' variable is not used
D:\Program Files\Microsoft Visual Studio\2022\Community\VC\Tools\MSVC\14.34.31933\include\xthreads.h(46,30): warning C5264: '_Cnd_internal_imp_alignment': 'const' variable is not used
D:\Program Files\Microsoft Visual Studio\2022\Community\VC\Tools\MSVC\14.34.31933\include\functional(2037,34): warning C5264: 'std::placeholders::_4': 'const' variable is not used
D:\Program Files\Microsoft Visual Studio\2022\Community\VC\Tools\MSVC\14.34.31933\include\functional(2035,34): warning C5264: 'std::placeholders::_2': 'const' variable is not used
D:\Program Files\Microsoft Visual Studio\2022\Community\VC\Tools\MSVC\14.34.31933\include\functional(2036,34): warning C5264: 'std::placeholders::_3': 'const' variable is not used
D:\Program Files\Microsoft Visual Studio\2022\Community\VC\Tools\MSVC\14.34.31933\include\functional(2034,34): warning C5264: 'std::placeholders::_1': 'const' variable is not used
D:\Program Files\Microsoft Visual Studio\2022\Community\VC\Tools\MSVC\14.34.31933\include\functional(2051,35): warning C5264: 'std::placeholders::_18': 'const' variable is not used
D:\Program Files\Microsoft Visual Studio\2022\Community\VC\Tools\MSVC\14.34.31933\include\functional(2038,34): warning C5264: 'std::placeholders::_5': 'const' variable is not used
D:\Program Files\Microsoft Visual Studio\2022\Community\VC\Tools\MSVC\14.34.31933\include\functional(2052,35): warning C5264: 'std::placeholders::_19': 'const' variable is not used
D:\Program Files\Microsoft Visual Studio\2022\Community\VC\Tools\MSVC\14.34.31933\include\functional(2047,35): warning C5264: 'std::placeholders::_14': 'const' variable is not used
D:\Program Files\Microsoft Visual Studio\2022\Community\VC\Tools\MSVC\14.34.31933\include\functional(2040,34): warning C5264: 'std::placeholders::_7': 'const' variable is not used
D:\Program Files\Microsoft Visual Studio\2022\Community\VC\Tools\MSVC\14.34.31933\include\functional(2046,35): warning C5264: 'std::placeholders::_13': 'const' variable is not used
D:\Program Files\Microsoft Visual Studio\2022\Community\VC\Tools\MSVC\14.34.31933\include\functional(2045,35): warning C5264: 'std::placeholders::_12': 'const' variable is not used
D:\Program Files\Microsoft Visual Studio\2022\Community\VC\Tools\MSVC\14.34.31933\include\functional(2042,34): warning C5264: 'std::placeholders::_9': 'const' variable is not used
D:\Program Files\Microsoft Visual Studio\2022\Community\VC\Tools\MSVC\14.34.31933\include\functional(2041,34): warning C5264: 'std::placeholders::_8': 'const' variable is not used
D:\Program Files\Microsoft Visual Studio\2022\Community\VC\Tools\MSVC\14.34.31933\include\functional(2049,35): warning C5264: 'std::placeholders::_16': 'const' variable is not used
D:\Program Files\Microsoft Visual Studio\2022\Community\VC\Tools\MSVC\14.34.31933\include\functional(2044,35): warning C5264: 'std::placeholders::_11': 'const' variable is not used
D:\Program Files\Microsoft Visual Studio\2022\Community\VC\Tools\MSVC\14.34.31933\include\functional(2053,35): warning C5264: 'std::placeholders::_20': 'const' variable is not used
D:\Program Files\Microsoft Visual Studio\2022\Community\VC\Tools\MSVC\14.34.31933\include\functional(2043,35): warning C5264: 'std::placeholders::_10': 'const' variable is not used
D:\Program Files\Microsoft Visual Studio\2022\Community\VC\Tools\MSVC\14.34.31933\include\functional(2048,35): warning C5264: 'std::placeholders::_15': 'const' variable is not used
D:\Program Files\Microsoft Visual Studio\2022\Community\VC\Tools\MSVC\14.34.31933\include\functional(2039,34): warning C5264: 'std::placeholders::_6': 'const' variable is not used
D:\Program Files\Microsoft Visual Studio\2022\Community\VC\Tools\MSVC\14.34.31933\include\functional(2050,35): warning C5264: 'std::placeholders::_17': 'const' variable is not used
D:\Program Files\Microsoft Visual Studio\2022\Community\VC\Tools\MSVC\14.34.31933\include\utility(127,39): warning C5264: 'std::allocator_arg': 'const' variable is not used
D:\Program Files\Microsoft Visual Studio\2022\Community\VC\Tools\MSVC\14.34.31933\include\__msvc_chrono.hpp(75,32): warning C5264: 'std::chrono::_Is_duration_v<std::chrono::seconds>': 'const' variable is not used
D:\Program Files\Microsoft Visual Studio\2022\Community\VC\Tools\MSVC\14.34.31933\include\__msvc_chrono.hpp(75,32): warning C5264: 'std::chrono::_Is_duration_v<std::chrono::duration<double,std::ratio<1,1>>>': 'const' variable is not used
D:\Program Files\Microsoft Visual Studio\2022\Community\VC\Tools\MSVC\14.34.31933\include\__msvc_chrono.hpp(35,32): warning C5264: 'std::chrono::treat_as_floating_point_v<long double>': 'const' variable is not used
D:\Program Files\Microsoft Visual Studio\2022\Community\VC\Tools\MSVC\14.34.31933\include\__msvc_chrono.hpp(35,32): warning C5264: 'std::chrono::treat_as_floating_point_v<unsigned __int64>': 'const' variable is not used
D:\Program Files\Microsoft Visual Studio\2022\Community\VC\Tools\MSVC\14.34.31933\include\__msvc_chrono.hpp(35,32): warning C5264: 'std::chrono::treat_as_floating_point_v<std::chrono::duration<__int64,std::nano>>': 'const' variable is not used
D:\Program Files\Microsoft Visual Studio\2022\Community\VC\Tools\MSVC\14.34.31933\include\__msvc_chrono.hpp(35,32): warning C5264: 'std::chrono::treat_as_floating_point_v<std::chrono::duration<int,std::ratio<3600,1>>>': 'const' variable is not used
D:\Program Files\Microsoft Visual Studio\2022\Community\VC\Tools\MSVC\14.34.31933\include\random(65,35): warning C5264: 'std::_Two32': 'const' variable is not used
D:\Program Files\Microsoft Visual Studio\2022\Community\VC\Tools\MSVC\14.34.31933\include\system_error(44,28): warning C5264: 'std::is_error_code_enum_v<const char*>': 'const' variable is not used
D:\Program Files\Microsoft Visual Studio\2022\Community\VC\Tools\MSVC\14.34.31933\include\system_error(44,28): warning C5264: 'std::is_error_code_enum_v<float>': 'const' variable is not used
D:\Program Files\Microsoft Visual Studio\2022\Community\VC\Tools\MSVC\14.34.31933\include\system_error(44,28): warning C5264: 'std::is_error_code_enum_v<char>': 'const' variable is not used
D:\Program Files\Microsoft Visual Studio\2022\Community\VC\Tools\MSVC\14.34.31933\include\system_error(44,28): warning C5264: 'std::is_error_code_enum_v<int>': 'const' variable is not used
D:\Program Files\Microsoft Visual Studio\2022\Community\VC\Tools\MSVC\14.34.31933\include\system_error(44,28): warning C5264: 'std::is_error_code_enum_v<std::string>': 'const' variable is not used
D:\Program Files\Microsoft Visual Studio\2022\Community\VC\Tools\MSVC\14.34.31933\include\system_error(44,28): warning C5264: 'std::is_error_code_enum_v<std::error_condition>': 'const' variable is not used
D:\Program Files\Microsoft Visual Studio\2022\Community\VC\Tools\MSVC\14.34.31933\include\system_error(44,28): warning C5264: 'std::is_error_code_enum_v<std::error_code>': 'const' variable is not used
D:\Program Files\Microsoft Visual Studio\2022\Community\VC\Tools\MSVC\14.34.31933\include\system_error(44,28): warning C5264: 'std::is_error_code_enum_v<std::system_error>': 'const' variable is not used
D:\Program Files\Microsoft Visual Studio\2022\Community\VC\Tools\MSVC\14.34.31933\include\xtr1common(179,28): warning C5264: 'std::is_integral_v<double>': 'const' variable is not used
D:\Program Files\Microsoft Visual Studio\2022\Community\VC\Tools\MSVC\14.34.31933\include\xtr1common(74,28): warning C5264: 'std::is_same_v<BeeType,BeeType>': 'const' variable is not used
D:\Program Files\Microsoft Visual Studio\2022\Community\VC\Tools\MSVC\14.34.31933\include\xtr1common(74,28): warning C5264: 'std::is_same_v<std::_Exact_args_t,std::_Unpack_tuple_t>': 'const' variable is not used
D:\Program Files\Microsoft Visual Studio\2022\Community\VC\Tools\MSVC\14.34.31933\include\xtr1common(74,28): warning C5264: 'std::is_same_v<std::_Exact_args_t,std::_Exact_args_t>': 'const' variable is not used
D:\Program Files\Microsoft Visual Studio\2022\Community\VC\Tools\MSVC\14.34.31933\include\xutility(812,28): warning C5264: 'std::?$_Is_iterator_v@$RBAAB@$$Yvoid_t@std@@$std:?$iterator_traits@$RBAAB@:iterator_category:<wchar_t*,void>': 'const' variable is not used
D:\Program Files\Microsoft Visual Studio\2022\Community\VC\Tools\MSVC\14.34.31933\include\xutility(812,28): warning C5264: 'std::?$_Is_iterator_v@$RBAAB@$$Yvoid_t@std@@$std:?$iterator_traits@$RBAAB@:iterator_category:<char*,void>': 'const' variable is not used
D:\Program Files\Microsoft Visual Studio\2022\Community\VC\Tools\MSVC\14.34.31933\include\type_traits(339,28): warning C5264: 'std::is_convertible_v<const __int64&,std::chrono::system_clock::rep>': 'const' variable is not used
D:\Program Files\Microsoft Visual Studio\2022\Community\VC\Tools\MSVC\14.34.31933\include\type_traits(339,28): warning C5264: 'std::is_convertible_v<const int&,int>': 'const' variable is not used
D:\Program Files\Microsoft Visual Studio\2022\Community\VC\Tools\MSVC\14.34.31933\include\type_traits(339,28): warning C5264: 'std::is_convertible_v<const std::chrono::duration<int,std::ratio<3600,1>>&,__int64>': 'const' variable is not used
D:\Program Files\Microsoft Visual Studio\2022\Community\VC\Tools\MSVC\14.34.31933\include\type_traits(339,28): warning C5264: 'std::is_convertible_v<const std::chrono::duration<__int64,std::nano>&,double>': 'const' variable is not used
D:\Program Files\Microsoft Visual Studio\2022\Community\VC\Tools\MSVC\14.34.31933\include\type_traits(339,28): warning C5264: 'std::is_convertible_v<const _ToRep&,double>': 'const' variable is not used
D:\Program Files\Microsoft Visual Studio\2022\Community\VC\Tools\MSVC\14.34.31933\include\type_traits(339,28): warning C5264: 'std::is_convertible_v<const unsigned __int64&,int>': 'const' variable is not used
D:\Program Files\Microsoft Visual Studio\2022\Community\VC\Tools\MSVC\14.34.31933\include\type_traits(339,28): warning C5264: 'std::is_convertible_v<const long double&,double>': 'const' variable is not used
D:\Program Files\Microsoft Visual Studio\2022\Community\VC\Tools\MSVC\14.34.31933\include\type_traits(339,28): warning C5264: 'std::is_convertible_v<const unsigned __int64&,__int64>': 'const' variable is not used
D:\Program Files\Microsoft Visual Studio\2022\Community\VC\Tools\MSVC\14.34.31933\include\fstream(53,28): warning C5264: 'std::_Is_any_path<const char*>': 'const' variable is not used
D:\Program Files\Microsoft Visual Studio\2022\Community\VC\Tools\MSVC\14.34.31933\include\fstream(53,28): warning C5264: 'std::_Is_any_path<std::basic_string<char,std::char_traits<char>,std::allocator<char>>>': 'const' variable is not used
D:\Program Files\Microsoft Visual Studio\2022\Community\VC\Tools\MSVC\14.34.31933\include\type_traits(64,28): warning C5264: 'std::conjunction_v<std::is_constructible<std::_Tree_node<std::pair<const BeeType,int>,std::_Default_allocator_traits<_Alloc>::void_pointer> *,const _Nodeptr &>,std::is_constructible<bool,bool>>': 'const' variable is not used
          with
          [
              _Alloc=std::allocator<std::pair<const BeeType,int>>,
              _Nodeptr=std::_Tree_node<std::pair<const BeeType,int>,std::_Default_allocator_traits<std::allocator<std::pair<const BeeType,int>>>::void_pointer> *
          ]
D:\Program Files\Microsoft Visual Studio\2022\Community\VC\Tools\MSVC\14.34.31933\include\type_traits(64,28): warning C5264: 'std::conjunction_v<std::is_copy_constructible<std::_Tree_node<std::pair<const BeeType,int>,std::_Default_allocator_traits<_Alloc>::void_pointer> *>,std::is_copy_constructible<bool>>': 'const' variable is not used
          with
          [
              _Alloc=std::allocator<std::pair<const BeeType,int>>
          ]
D:\Program Files\Microsoft Visual Studio\2022\Community\VC\Tools\MSVC\14.34.31933\include\type_traits(64,28): warning C5264: 'std::conjunction_v<std::is_constructible<std::_Tree_node<std::pair<const BeeType,int>,std::_Default_allocator_traits<_Alloc>::void_pointer> *,std::_Tree_node<std::pair<const BeeType,int>,std::_Default_allocator_traits<_Alloc>::void_pointer> *>,std::is_constructible<bool,bool>>': 'const' variable is not used
          with
          [
              _Alloc=std::allocator<std::pair<const BeeType,int>>
          ]
D:\Program Files\Microsoft Visual Studio\2022\Community\VC\Tools\MSVC\14.34.31933\include\type_traits(64,28): warning C5264: 'std::conjunction_v<std::_Tuple_perfect_val<std::tuple<_Ty &&>,_Ty>,std::_Tuple_constructible_val<std::tuple<_Ty &&>,_Ty>>': 'const' variable is not used
          with
          [
              _Ty=BeeType
          ]
D:\Program Files\Microsoft Visual Studio\2022\Community\VC\Tools\MSVC\14.34.31933\include\type_traits(64,28): warning C5264: 'std::conjunction_v<std::is_default_constructible<_Ty &&>>': 'const' variable is not used
          with
          [
              _Ty=BeeType
          ]
D:\Program Files\Microsoft Visual Studio\2022\Community\VC\Tools\MSVC\14.34.31933\include\type_traits(64,28): warning C5264: 'std::conjunction_v<std::_Tuple_perfect_val<std::tuple<_Ty &&>,std::_Exact_args_t,_Ty>,std::_Tuple_constructible_val<std::tuple<_Ty &&>,std::_Exact_args_t,_Ty>>': 'const' variable is not used
          with
          [
              _Ty=BeeType
          ]
D:\Program Files\Microsoft Visual Studio\2022\Community\VC\Tools\MSVC\14.34.31933\include\type_traits(667,28): warning C5264: 'std::is_move_constructible_v<std::default_delete<std::_Facet_base>>': 'const' variable is not used
D:\Program Files\Microsoft Visual Studio\2022\Community\VC\Tools\MSVC\14.34.31933\include\limits(1197,16): warning C5264: 'std::_Is_standard_unsigned_integer<std::_Vbase>': 'const' variable is not used
D:\Program Files\Microsoft Visual Studio\2022\Community\VC\Tools\MSVC\14.34.31933\include\tuple(132,31): warning C5264: 'std::ignore': 'const' variable is not used
D:\Program Files\Microsoft Visual Studio\2022\Community\VC\Tools\MSVC\14.34.31933\include\tuple(44,28): warning C5264: 'std::_Tuple_constructible_v<std::tuple<_Ty &&>,_Ty&>': 'const' variable is not used
          with
          [
              _Ty=BeeType
          ]
sfml-graphics-s.lib(Color.cpp.obj) : error LNK2038: mismatch detected for '_ITERATOR_DEBUG_LEVEL': value '0' doesn't match value '2' in Main.obj
sfml-graphics-s.lib(Color.cpp.obj) : error LNK2038: mismatch detected for 'RuntimeLibrary': value 'MD_DynamicRelease' doesn't match value 'MDd_DynamicDebug' in Main.obj
sfml-graphics-s.lib(View.cpp.obj) : error LNK2038: mismatch detected for '_ITERATOR_DEBUG_LEVEL': value '0' doesn't match value '2' in Main.obj
sfml-graphics-s.lib(View.cpp.obj) : error LNK2038: mismatch detected for 'RuntimeLibrary': value 'MD_DynamicRelease' doesn't match value 'MDd_DynamicDebug' in Main.obj
sfml-graphics-s.lib(RenderTarget.cpp.obj) : error LNK2038: mismatch detected for '_ITERATOR_DEBUG_LEVEL': value '0' doesn't match value '2' in Main.obj
sfml-graphics-s.lib(RenderTarget.cpp.obj) : error LNK2038: mismatch detected for 'RuntimeLibrary': value 'MD_DynamicRelease' doesn't match value 'MDd_DynamicDebug' in Main.obj
sfml-graphics-s.lib(RenderWindow.cpp.obj) : error LNK2038: mismatch detected for '_ITERATOR_DEBUG_LEVEL': value '0' doesn't match value '2' in Main.obj
sfml-graphics-s.lib(RenderWindow.cpp.obj) : error LNK2038: mismatch detected for 'RuntimeLibrary': value 'MD_DynamicRelease' doesn't match value 'MDd_DynamicDebug' in Main.obj
sfml-graphics-s.lib(Transformable.cpp.obj) : error LNK2038: mismatch detected for '_ITERATOR_DEBUG_LEVEL': value '0' doesn't match value '2' in Main.obj
sfml-graphics-s.lib(Transformable.cpp.obj) : error LNK2038: mismatch detected for 'RuntimeLibrary': value 'MD_DynamicRelease' doesn't match value 'MDd_DynamicDebug' in Main.obj
sfml-graphics-s.lib(Shape.cpp.obj) : error LNK2038: mismatch detected for '_ITERATOR_DEBUG_LEVEL': value '0' doesn't match value '2' in Main.obj
sfml-graphics-s.lib(Shape.cpp.obj) : error LNK2038: mismatch detected for 'RuntimeLibrary': value 'MD_DynamicRelease' doesn't match value 'MDd_DynamicDebug' in Main.obj
sfml-graphics-s.lib(RectangleShape.cpp.obj) : error LNK2038: mismatch detected for '_ITERATOR_DEBUG_LEVEL': value '0' doesn't match value '2' in Main.obj
sfml-graphics-s.lib(RectangleShape.cpp.obj) : error LNK2038: mismatch detected for 'RuntimeLibrary': value 'MD_DynamicRelease' doesn't match value 'MDd_DynamicDebug' in Main.obj
sfml-graphics-s.lib(Text.cpp.obj) : error LNK2038: mismatch detected for '_ITERATOR_DEBUG_LEVEL': value '0' doesn't match value '2' in Main.obj
sfml-graphics-s.lib(Text.cpp.obj) : error LNK2038: mismatch detected for 'RuntimeLibrary': value 'MD_DynamicRelease' doesn't match value 'MDd_DynamicDebug' in Main.obj
sfml-graphics-s.lib(RenderStates.cpp.obj) : error LNK2038: mismatch detected for '_ITERATOR_DEBUG_LEVEL': value '0' doesn't match value '2' in Main.obj
sfml-graphics-s.lib(RenderStates.cpp.obj) : error LNK2038: mismatch detected for 'RuntimeLibrary': value 'MD_DynamicRelease' doesn't match value 'MDd_DynamicDebug' in Main.obj
sfml-graphics-s.lib(CircleShape.cpp.obj) : error LNK2038: mismatch detected for '_ITERATOR_DEBUG_LEVEL': value '0' doesn't match value '2' in Main.obj
sfml-graphics-s.lib(CircleShape.cpp.obj) : error LNK2038: mismatch detected for 'RuntimeLibrary': value 'MD_DynamicRelease' doesn't match value 'MDd_DynamicDebug' in Main.obj
sfml-graphics-s.lib(Font.cpp.obj) : error LNK2038: mismatch detected for '_ITERATOR_DEBUG_LEVEL': value '0' doesn't match value '2' in Main.obj
sfml-graphics-s.lib(Font.cpp.obj) : error LNK2038: mismatch detected for 'RuntimeLibrary': value 'MD_DynamicRelease' doesn't match value 'MDd_DynamicDebug' in Main.obj
sfml-graphics-s.lib(Transform.cpp.obj) : error LNK2038: mismatch detected for '_ITERATOR_DEBUG_LEVEL': value '0' doesn't match value '2' in Main.obj
sfml-graphics-s.lib(Transform.cpp.obj) : error LNK2038: mismatch detected for 'RuntimeLibrary': value 'MD_DynamicRelease' doesn't match value 'MDd_DynamicDebug' in Main.obj
sfml-graphics-s.lib(Shader.cpp.obj) : error LNK2038: mismatch detected for '_ITERATOR_DEBUG_LEVEL': value '0' doesn't match value '2' in Main.obj
sfml-graphics-s.lib(Shader.cpp.obj) : error LNK2038: mismatch detected for 'RuntimeLibrary': value 'MD_DynamicRelease' doesn't match value 'MDd_DynamicDebug' in Main.obj
sfml-graphics-s.lib(Texture.cpp.obj) : error LNK2038: mismatch detected for '_ITERATOR_DEBUG_LEVEL': value '0' doesn't match value '2' in Main.obj
sfml-graphics-s.lib(Texture.cpp.obj) : error LNK2038: mismatch detected for 'RuntimeLibrary': value 'MD_DynamicRelease' doesn't match value 'MDd_DynamicDebug' in Main.obj
sfml-graphics-s.lib(VertexBuffer.cpp.obj) : error LNK2038: mismatch detected for '_ITERATOR_DEBUG_LEVEL': value '0' doesn't match value '2' in Main.obj
sfml-graphics-s.lib(VertexBuffer.cpp.obj) : error LNK2038: mismatch detected for 'RuntimeLibrary': value 'MD_DynamicRelease' doesn't match value 'MDd_DynamicDebug' in Main.obj
sfml-graphics-s.lib(GLExtensions.cpp.obj) : error LNK2038: mismatch detected for '_ITERATOR_DEBUG_LEVEL': value '0' doesn't match value '2' in Main.obj
sfml-graphics-s.lib(GLExtensions.cpp.obj) : error LNK2038: mismatch detected for 'RuntimeLibrary': value 'MD_DynamicRelease' doesn't match value 'MDd_DynamicDebug' in Main.obj
sfml-graphics-s.lib(RenderTextureImplFBO.cpp.obj) : error LNK2038: mismatch detected for '_ITERATOR_DEBUG_LEVEL': value '0' doesn't match value '2' in Main.obj
sfml-graphics-s.lib(RenderTextureImplFBO.cpp.obj) : error LNK2038: mismatch detected for 'RuntimeLibrary': value 'MD_DynamicRelease' doesn't match value 'MDd_DynamicDebug' in Main.obj
sfml-graphics-s.lib(VertexArray.cpp.obj) : error LNK2038: mismatch detected for '_ITERATOR_DEBUG_LEVEL': value '0' doesn't match value '2' in Main.obj
sfml-graphics-s.lib(VertexArray.cpp.obj) : error LNK2038: mismatch detected for 'RuntimeLibrary': value 'MD_DynamicRelease' doesn't match value 'MDd_DynamicDebug' in Main.obj
sfml-graphics-s.lib(Image.cpp.obj) : error LNK2038: mismatch detected for '_ITERATOR_DEBUG_LEVEL': value '0' doesn't match value '2' in Main.obj
sfml-graphics-s.lib(Image.cpp.obj) : error LNK2038: mismatch detected for 'RuntimeLibrary': value 'MD_DynamicRelease' doesn't match value 'MDd_DynamicDebug' in Main.obj
sfml-graphics-s.lib(Glsl.cpp.obj) : error LNK2038: mismatch detected for '_ITERATOR_DEBUG_LEVEL': value '0' doesn't match value '2' in Main.obj
sfml-graphics-s.lib(Glsl.cpp.obj) : error LNK2038: mismatch detected for 'RuntimeLibrary': value 'MD_DynamicRelease' doesn't match value 'MDd_DynamicDebug' in Main.obj
sfml-graphics-s.lib(ImageLoader.cpp.obj) : error LNK2038: mismatch detected for '_ITERATOR_DEBUG_LEVEL': value '0' doesn't match value '2' in Main.obj
sfml-graphics-s.lib(ImageLoader.cpp.obj) : error LNK2038: mismatch detected for 'RuntimeLibrary': value 'MD_DynamicRelease' doesn't match value 'MDd_DynamicDebug' in Main.obj
sfml-window-s.lib(VideoMode.cpp.obj) : error LNK2038: mismatch detected for '_ITERATOR_DEBUG_LEVEL': value '0' doesn't match value '2' in Main.obj
sfml-window-s.lib(VideoMode.cpp.obj) : error LNK2038: mismatch detected for 'RuntimeLibrary': value 'MD_DynamicRelease' doesn't match value 'MDd_DynamicDebug' in Main.obj
sfml-window-s.lib(Window.cpp.obj) : error LNK2038: mismatch detected for '_ITERATOR_DEBUG_LEVEL': value '0' doesn't match value '2' in Main.obj
sfml-window-s.lib(Window.cpp.obj) : error LNK2038: mismatch detected for 'RuntimeLibrary': value 'MD_DynamicRelease' doesn't match value 'MDd_DynamicDebug' in Main.obj
sfml-window-s.lib(Context.cpp.obj) : error LNK2038: mismatch detected for '_ITERATOR_DEBUG_LEVEL': value '0' doesn't match value '2' in Main.obj
sfml-window-s.lib(Context.cpp.obj) : error LNK2038: mismatch detected for 'RuntimeLibrary': value 'MD_DynamicRelease' doesn't match value 'MDd_DynamicDebug' in Main.obj
sfml-window-s.lib(InputImpl.cpp.obj) : error LNK2038: mismatch detected for '_ITERATOR_DEBUG_LEVEL': value '0' doesn't match value '2' in Main.obj
sfml-window-s.lib(InputImpl.cpp.obj) : error LNK2038: mismatch detected for 'RuntimeLibrary': value 'MD_DynamicRelease' doesn't match value 'MDd_DynamicDebug' in Main.obj
sfml-window-s.lib(VideoModeImpl.cpp.obj) : error LNK2038: mismatch detected for '_ITERATOR_DEBUG_LEVEL': value '0' doesn't match value '2' in Main.obj
sfml-window-s.lib(VideoModeImpl.cpp.obj) : error LNK2038: mismatch detected for 'RuntimeLibrary': value 'MD_DynamicRelease' doesn't match value 'MDd_DynamicDebug' in Main.obj
sfml-window-s.lib(GlContext.cpp.obj) : error LNK2038: mismatch detected for '_ITERATOR_DEBUG_LEVEL': value '0' doesn't match value '2' in Main.obj
sfml-window-s.lib(GlContext.cpp.obj) : error LNK2038: mismatch detected for 'RuntimeLibrary': value 'MD_DynamicRelease' doesn't match value 'MDd_DynamicDebug' in Main.obj
sfml-window-s.lib(WindowImpl.cpp.obj) : error LNK2038: mismatch detected for '_ITERATOR_DEBUG_LEVEL': value '0' doesn't match value '2' in Main.obj
sfml-window-s.lib(WindowImpl.cpp.obj) : error LNK2038: mismatch detected for 'RuntimeLibrary': value 'MD_DynamicRelease' doesn't match value 'MDd_DynamicDebug' in Main.obj
sfml-window-s.lib(CursorImpl.cpp.obj) : error LNK2038: mismatch detected for '_ITERATOR_DEBUG_LEVEL': value '0' doesn't match value '2' in Main.obj
sfml-window-s.lib(CursorImpl.cpp.obj) : error LNK2038: mismatch detected for 'RuntimeLibrary': value 'MD_DynamicRelease' doesn't match value 'MDd_DynamicDebug' in Main.obj
sfml-window-s.lib(WglContext.cpp.obj) : error LNK2038: mismatch detected for '_ITERATOR_DEBUG_LEVEL': value '0' doesn't match value '2' in Main.obj
sfml-window-s.lib(WglContext.cpp.obj) : error LNK2038: mismatch detected for 'RuntimeLibrary': value 'MD_DynamicRelease' doesn't match value 'MDd_DynamicDebug' in Main.obj
sfml-window-s.lib(JoystickManager.cpp.obj) : error LNK2038: mismatch detected for '_ITERATOR_DEBUG_LEVEL': value '0' doesn't match value '2' in Main.obj
sfml-window-s.lib(JoystickManager.cpp.obj) : error LNK2038: mismatch detected for 'RuntimeLibrary': value 'MD_DynamicRelease' doesn't match value 'MDd_DynamicDebug' in Main.obj
sfml-window-s.lib(SensorManager.cpp.obj) : error LNK2038: mismatch detected for '_ITERATOR_DEBUG_LEVEL': value '0' doesn't match value '2' in Main.obj
sfml-window-s.lib(SensorManager.cpp.obj) : error LNK2038: mismatch detected for 'RuntimeLibrary': value 'MD_DynamicRelease' doesn't match value 'MDd_DynamicDebug' in Main.obj
sfml-window-s.lib(WindowImplWin32.cpp.obj) : error LNK2038: mismatch detected for '_ITERATOR_DEBUG_LEVEL': value '0' doesn't match value '2' in Main.obj
sfml-window-s.lib(WindowImplWin32.cpp.obj) : error LNK2038: mismatch detected for 'RuntimeLibrary': value 'MD_DynamicRelease' doesn't match value 'MDd_DynamicDebug' in Main.obj
sfml-window-s.lib(WglExtensions.cpp.obj) : error LNK2038: mismatch detected for '_ITERATOR_DEBUG_LEVEL': value '0' doesn't match value '2' in Main.obj
sfml-window-s.lib(WglExtensions.cpp.obj) : error LNK2038: mismatch detected for 'RuntimeLibrary': value 'MD_DynamicRelease' doesn't match value 'MDd_DynamicDebug' in Main.obj
sfml-window-s.lib(Joystick.cpp.obj) : error LNK2038: mismatch detected for '_ITERATOR_DEBUG_LEVEL': value '0' doesn't match value '2' in Main.obj
sfml-window-s.lib(Joystick.cpp.obj) : error LNK2038: mismatch detected for 'RuntimeLibrary': value 'MD_DynamicRelease' doesn't match value 'MDd_DynamicDebug' in Main.obj
sfml-window-s.lib(JoystickImpl.cpp.obj) : error LNK2038: mismatch detected for '_ITERATOR_DEBUG_LEVEL': value '0' doesn't match value '2' in Main.obj
sfml-window-s.lib(JoystickImpl.cpp.obj) : error LNK2038: mismatch detected for 'RuntimeLibrary': value 'MD_DynamicRelease' doesn't match value 'MDd_DynamicDebug' in Main.obj
sfml-system-s.lib(String.cpp.obj) : error LNK2038: mismatch detected for '_ITERATOR_DEBUG_LEVEL': value '0' doesn't match value '2' in Main.obj
sfml-system-s.lib(String.cpp.obj) : error LNK2038: mismatch detected for 'RuntimeLibrary': value 'MD_DynamicRelease' doesn't match value 'MDd_DynamicDebug' in Main.obj
sfml-system-s.lib(Err.cpp.obj) : error LNK2038: mismatch detected for '_ITERATOR_DEBUG_LEVEL': value '0' doesn't match value '2' in Main.obj
sfml-system-s.lib(Err.cpp.obj) : error LNK2038: mismatch detected for 'RuntimeLibrary': value 'MD_DynamicRelease' doesn't match value 'MDd_DynamicDebug' in Main.obj
sfml-system-s.lib(ThreadLocal.cpp.obj) : error LNK2038: mismatch detected for '_ITERATOR_DEBUG_LEVEL': value '0' doesn't match value '2' in Main.obj
sfml-system-s.lib(ThreadLocal.cpp.obj) : error LNK2038: mismatch detected for 'RuntimeLibrary': value 'MD_DynamicRelease' doesn't match value 'MDd_DynamicDebug' in Main.obj
LINK : warning LNK4098: defaultlib 'MSVCRT' conflicts with use of other libs; use /NODEFAULTLIB:library
D:\Documents\Github\artificial-bee-colony-simulator\x64\Debug\artificial-bee-colony-simulator.exe : fatal error LNK1319: 78 mismatches detected
