c:\users\owner\onedrive\documents\programming\abcs-new\library\x64\debug\library.pch
c:\users\owner\onedrive\documents\programming\abcs-new\x64\debug\library.pdb
c:\users\owner\onedrive\documents\programming\abcs-new\x64\debug\library.idb
c:\users\owner\onedrive\documents\programming\abcs-new\library\x64\debug\pch.obj
c:\users\owner\onedrive\documents\programming\abcs-new\library\x64\debug\world.obj
c:\users\owner\onedrive\documents\programming\abcs-new\library\x64\debug\queen.obj
c:\users\owner\onedrive\documents\programming\abcs-new\library\x64\debug\onlooker.obj
c:\users\owner\onedrive\documents\programming\abcs-new\library\x64\debug\node.obj
c:\users\owner\onedrive\documents\programming\abcs-new\library\x64\debug\hives.obj
c:\users\owner\onedrive\documents\programming\abcs-new\library\x64\debug\hive.obj
c:\users\owner\onedrive\documents\programming\abcs-new\library\x64\debug\guard.obj
c:\users\owner\onedrive\documents\programming\abcs-new\library\x64\debug\grid.obj
c:\users\owner\onedrive\documents\programming\abcs-new\library\x64\debug\foodsources.obj
c:\users\owner\onedrive\documents\programming\abcs-new\library\x64\debug\foodsource.obj
c:\users\owner\onedrive\documents\programming\abcs-new\library\x64\debug\fonts.obj
c:\users\owner\onedrive\documents\programming\abcs-new\library\x64\debug\entity.obj
c:\users\owner\onedrive\documents\programming\abcs-new\library\x64\debug\employee.obj
c:\users\owner\onedrive\documents\programming\abcs-new\library\x64\debug\egg.obj
c:\users\owner\onedrive\documents\programming\abcs-new\library\x64\debug\drone.obj
c:\users\owner\onedrive\documents\programming\abcs-new\library\x64\debug\bees.obj
c:\users\owner\onedrive\documents\programming\abcs-new\library\x64\debug\bee.obj
c:\users\owner\onedrive\documents\programming\abcs-new\library\x64\debug\library.tlog\cl.command.1.tlog
c:\users\owner\onedrive\documents\programming\abcs-new\library\x64\debug\library.tlog\cl.read.1.tlog
c:\users\owner\onedrive\documents\programming\abcs-new\library\x64\debug\library.tlog\cl.write.1.tlog
